nohup: ignoring input

> amica@0.1.0 dev
> npm run generate:paths && npm run build:workers && next dev


> amica@0.1.0 generate:paths
> npx node scripts/generate_paths.js


> amica@0.1.0 build:workers
> npm run build:worker:generateMeshBVH


> amica@0.1.0 build:worker:generateMeshBVH
> esbuild src/workers/bvh/generateMeshBVH.worker.js --bundle --minify --sourcemap --outfile=public/generateMeshBVH.worker.js


  public/generateMeshBVH.worker.js      296.3kb
  public/generateMeshBVH.worker.js.map    1.8mb

⚡ Done in 61ms
  ▲ Next.js 14.2.28
  - Local:        http://localhost:3100
  - Environments: .env.local
  - Experiments (use with caution):
    · instrumentationHook

 ✓ Starting...
 ✓ (pwa) Compiling for server...
 ✓ (pwa) Compiling for server...
 ✓ (pwa) Compiling for client (static)...
 ○ (pwa) Service worker: /home/purestory/amica/public/sw.js
 ○ (pwa)   URL: /sw.js
 ○ (pwa)   Scope: /
 ○ (pwa) Building in development mode, caching and precaching are disabled for the most part. This means that offline support is disabled, but you can continue developing other functions in service worker.
 ○ Compiling /instrumentation ...
 ✓ Compiled /instrumentation in 1079ms (1006 modules)
 ✓ Ready in 6s
 ○ Compiling / ...
 ✓ Compiled / in 7.9s (5666 modules)
현재 설정 파일(config.json) 로드 완료
Failed to fetch server config: SyntaxError: Unexpected token '<', "<!doctype "... is not valid JSON
    at JSON.parse (<anonymous>)
    at parseJSONFromBytes (node:internal/deps/undici/undici:5738:19)
    at successSteps (node:internal/deps/undici/undici:5719:27)
    at fullyReadBody (node:internal/deps/undici/undici:4609:9)
    at process.processTicksAndRejections (node:internal/process/task_queues:105:5)
    at async consumeBody (node:internal/deps/undici/undici:5728:7)
    at async fetcher (webpack-internal:///./src/features/externalAPI/externalAPI.ts:56:36)
    at async handleConfig (webpack-internal:///./src/features/externalAPI/externalAPI.ts:89:13)
 HEAD / 200 in 10ms
 GET / 200 in 19ms
 ○ Compiling /_error ...
 ✓ Compiled /_error in 1520ms (5666 modules)
 ⚠ You have added a custom /_error page without a custom /404 page. This prevents the 404 page from being auto statically optimized.
See here for info: https://nextjs.org/docs/messages/custom-error-no-custom-404
 GET /.well-known/appspecific/com.chrome.devtools.json 404 in 1550ms
현재 설정 파일(config.json) 로드 완료
 GET / 200 in 69ms
Failed to fetch server config: SyntaxError: Unexpected token '<', "<!doctype "... is not valid JSON
    at JSON.parse (<anonymous>)
    at parseJSONFromBytes (node:internal/deps/undici/undici:5738:19)
    at successSteps (node:internal/deps/undici/undici:5719:27)
    at fullyReadBody (node:internal/deps/undici/undici:4609:9)
    at process.processTicksAndRejections (node:internal/process/task_queues:105:5)
    at async consumeBody (node:internal/deps/undici/undici:5728:7)
    at async fetcher (webpack-internal:///./src/features/externalAPI/externalAPI.ts:56:36)
    at async handleConfig (webpack-internal:///./src/features/externalAPI/externalAPI.ts:89:13)
 GET / 200 in 6ms
 HEAD / 200 in 6ms
 ✓ Compiled in 693ms (4489 modules)
